  j1Scene.cpp
  j1Gui.cpp
  UI_Text.cpp
  UI_InputBox.cpp
  UI_Image.cpp
  UI_Button.cpp
  Generating Code...
  Compiling...
  j1Textures.cpp
  j1Render.cpp
  j1Pathfinding.cpp
c:\users\adriafc\desktop\ui_handouts\motor2d\p2point.h(114): warning C4244: 'argument': conversion from 'int' to 'float', possible loss of data
  c:\users\adriafc\desktop\ui_handouts\motor2d\p2point.h(110): note: while compiling class template member function 'int p2Point<int>::DistanceTo(const p2Point<int> &) const'
  c:\users\adriafc\desktop\ui_handouts\motor2d\j1pathfinding.cpp(160): note: see reference to function template instantiation 'int p2Point<int>::DistanceTo(const p2Point<int> &) const' being compiled
  c:\users\adriafc\desktop\ui_handouts\motor2d\j1pathfinding.h(81): note: see reference to class template instantiation 'p2Point<int>' being compiled
c:\users\adriafc\desktop\ui_handouts\motor2d\p2point.h(114): warning C4244: 'return': conversion from 'float' to 'int', possible loss of data
  j1Map.cpp
c:\users\adriafc\desktop\ui_handouts\motor2d\j1map.cpp(106): warning C4244: '=': conversion from 'float' to 'int', possible loss of data
c:\users\adriafc\desktop\ui_handouts\motor2d\j1map.cpp(107): warning C4244: '=': conversion from 'float' to 'int', possible loss of data
  j1App.cpp
c:\users\adriafc\desktop\ui_handouts\motor2d\j1app.cpp(217): warning C4018: '<': signed/unsigned mismatch
c:\users\adriafc\desktop\ui_handouts\motor2d\j1app.cpp(213): warning C4477: 'sprintf_s' : format string '%lu' requires an argument of type 'unsigned long', but variadic argument 6 has type 'uint64'
  c:\users\adriafc\desktop\ui_handouts\motor2d\j1app.cpp(213): note: consider using '%llu' in the format string
  c:\users\adriafc\desktop\ui_handouts\motor2d\j1app.cpp(213): note: consider using '%I64u' in the format string
  Generating Code...
  Motor2D.vcxproj -> C:\Users\adriafc\Desktop\UI_Handouts\Debug\Development - Class 11 Handout2.exe
  Motor2D.vcxproj -> C:\Users\adriafc\Desktop\UI_Handouts\Debug\Development - Class 11 Handout2.pdb (Partial PDB)
